00:00:00.026794 main     VirtualBox XPCOM Server 6.0.4_RPMFusion r128164 linux.amd64 (Mar 22 2019 03:59:23) release log
00:00:00.026805 main     Log opened 2019-04-11T00:29:39.466653000Z
00:00:00.026807 main     Build Type: release
00:00:00.026818 main     OS Product: Linux
00:00:00.026820 main     OS Release: 5.0.6-200.fc29.x86_64
00:00:00.026823 main     OS Version: #1 SMP Wed Apr 3 15:09:51 UTC 2019
00:00:00.026980 main     DMI Product Name: X550ZE
00:00:00.027016 main     DMI Product Version: 1.0
00:00:00.027140 main     Host RAM: 3387MB (3.3GB) total, 2145MB (2.0GB) available
00:00:00.027153 main     Executable: /usr/lib64/virtualbox/VBoxSVC
00:00:00.027154 main     Process ID: 8644
00:00:00.027156 main     Package type: LINUX_64BITS_GENERIC (OSE)
00:00:00.031039 main     IPC socket path: /tmp/.vbox-didiksupriadi41-ipc/ipcd
00:00:00.242152 nspr-2   VirtualBox: object creation starts
00:00:00.254424 nspr-2   Home directory: '/home/didiksupriadi41/.config/VirtualBox'
00:00:00.276519 nspr-2   Loading settings file "/home/didiksupriadi41/.config/VirtualBox/VirtualBox.xml" with version "1.12-linux"
00:00:00.472464 nspr-2   NAT: resolv.conf: nameserver 192.168.1.1
00:00:00.472550 nspr-2   HostDnsMonitor::updateInfo
00:00:00.472606 nspr-2   HostDnsMonitor: old information
00:00:00.472616 nspr-2     no server entries
00:00:00.472625 nspr-2     no domain set
00:00:00.472632 nspr-2     no search string entries
00:00:00.472640 nspr-2   HostDnsMonitor: new information
00:00:00.472647 nspr-2     server 1: 192.168.1.1
00:00:00.472656 nspr-2     no domain set
00:00:00.472662 nspr-2     no search string entries
00:00:00.491690 nspr-2   VD: VDInit finished with VINF_SUCCESS
00:00:00.510553 nspr-2   ERROR [COM]: aRC=NS_ERROR_FAILURE (0x80004005) aIID={d55176e5-6730-4e9e-fc1f-a59b1f44f78f} aComponent={SystemPropertiesWrap} aText={Cannot determine default Guest Additions ISO location. Most likely they are not available}, preserve=false aResultDetail=0
00:00:00.519012 nspr-2   VirtualBox: object created
00:00:14.023435 nspr-2   Saving settings file "/home/didiksupriadi41/.config/VirtualBox/VirtualBox.xml" with version "1.12-linux"
00:00:14.159648 nspr-3   Saving settings file "/home/didiksupriadi41/.config/VirtualBox/VirtualBox.xml" with version "1.12-linux"
00:00:19.748812 main     VirtualBox: object deletion starts
00:00:20.023187 Watcher  ERROR [COM]: aRC=E_ACCESSDENIED (0x80070005) aIID={d0a0163f-e254-4e5b-a1f2-011cf991c38d} aComponent={VirtualBoxWrap} aText={The object is not ready}, preserve=false aResultDetail=0
00:00:24.749604 main     {00007f6f100197e0} HostPowerServiceLinux::~HostPowerServiceLinux: RTThreadWait() for 5000 ms failed with VERR_TIMEOUT
00:00:24.750074 main     VirtualBox: object deleted
